15052021 11:08:31 PM: INFO: *******test__001__login started:
15052021 11:08:39 PM: ERROR: ******loin__001__test failed :
15052021 11:08:49 PM: INFO: ******loin__002__test started :
15052021 11:09:03 PM: INFO: ******loin__001__test passed :
15052021 11:47:18 PM: INFO: *******test__001__login started:
15052021 11:47:26 PM: ERROR: ******loin__001__test failed :
15052021 11:47:36 PM: INFO: ******loin__002__test started :
15052021 11:47:49 PM: INFO: ******loin__001__test passed :
15052021 11:48:32 PM: INFO: *******test__001__login started:
15052021 11:48:40 PM: ERROR: ******loin__001__test failed :
15052021 11:48:50 PM: INFO: ******loin__002__test started :
15052021 11:49:03 PM: INFO: ******loin__001__test passed :
15052021 11:59:27 PM: INFO: *******test__001__login started:
15052021 11:59:35 PM: ERROR: ******loin__001__test failed :
15052021 11:59:44 PM: INFO: ******loin__002__test started :
15052021 11:59:56 PM: INFO: ******loin__001__test passed :
16052021 09:55:39 AM: INFO: *******test__001__login started:
16052021 09:55:47 AM: ERROR: ******loin__001__test failed :
16052021 09:55:56 AM: INFO: ******loin__002__test started :
16052021 09:56:04 AM: INFO: ******loin__001__test passed :
16052021 09:46:14 PM: INFO: *******test__001__login started:
16052021 09:46:27 PM: INFO: ******loin__002__test started :
16052021 09:46:48 PM: INFO: ******loin__001__test passed :
16052021 10:44:34 PM: INFO: *******test__001__login started:
16052021 10:44:49 PM: ERROR: ******loin__001__test failed :
16052021 10:44:56 PM: INFO: ******loin__002__test started :
16052021 10:45:14 PM: INFO: ******loin__001__test passed :
